<?xml version="1.0" encoding="UTF-8"?>
<testng-results ignored="0" total="1" passed="1" failed="0" skipped="0">
  <reporter-output>
  </reporter-output>
  <suite started-at="2022-12-04T18:49:22 IST" name="Default suite" finished-at="2022-12-04T18:49:45 IST" duration-ms="23077">
    <groups>
    </groups>
    <test started-at="2022-12-04T18:49:22 IST" name="Default test" finished-at="2022-12-04T18:49:45 IST" duration-ms="23077">
      <class name="testcases.LoginValidData">
        <test-method is-config="true" signature="startReport()[pri:0, instance:testcases.LoginValidData@909217e]" started-at="2022-12-04T18:49:22 IST" name="startReport" finished-at="2022-12-04T18:49:22 IST" duration-ms="91" status="PASS">
          <reporter-output>
          </reporter-output>
        </test-method> <!-- startReport -->
        <test-method is-config="true" signature="setexcelfilename()[pri:0, instance:testcases.LoginValidData@909217e]" started-at="2022-12-04T18:49:22 IST" name="setexcelfilename" finished-at="2022-12-04T18:49:22 IST" duration-ms="1" status="PASS">
          <reporter-output>
          </reporter-output>
        </test-method> <!-- setexcelfilename -->
        <test-method is-config="true" signature="testDetails()[pri:0, instance:testcases.LoginValidData@909217e]" started-at="2022-12-04T18:49:22 IST" name="testDetails" finished-at="2022-12-04T18:49:22 IST" duration-ms="4" status="PASS">
          <reporter-output>
          </reporter-output>
        </test-method> <!-- testDetails -->
        <test-method is-config="true" signature="startapp()[pri:0, instance:testcases.LoginValidData@909217e]" started-at="2022-12-04T18:49:22 IST" name="startapp" finished-at="2022-12-04T18:49:27 IST" duration-ms="4951" status="PASS">
          <reporter-output>
          </reporter-output>
        </test-method> <!-- startapp -->
        <test-method signature="demoWorkShopFunctionality(java.lang.String,java.lang.String)[pri:0, instance:testcases.LoginValidData@909217e]" started-at="2022-12-04T18:49:27 IST" name="demoWorkShopFunctionality" data-provider="senddata" finished-at="2022-12-04T18:49:44 IST" duration-ms="17112" status="PASS">
          <params>
            <param index="0">
              <value>
                <![CDATA[planittest78@gmail.com]]>
              </value>
            </param>
            <param index="1">
              <value>
                <![CDATA[123456]]>
              </value>
            </param>
          </params>
          <reporter-output>
          </reporter-output>
        </test-method> <!-- demoWorkShopFunctionality -->
        <test-method is-config="true" signature="closebrowser()[pri:0, instance:testcases.LoginValidData@909217e]" started-at="2022-12-04T18:49:44 IST" name="closebrowser" finished-at="2022-12-04T18:49:45 IST" duration-ms="629" status="PASS">
          <reporter-output>
          </reporter-output>
        </test-method> <!-- closebrowser -->
      </class> <!-- testcases.LoginValidData -->
    </test> <!-- Default test -->
  </suite> <!-- Default suite -->
</testng-results>
